2025-07-16 11:56:00 | INFO | repo=system-int | action=commit
2025-08-15 16:45:00 | WARN | repo=system-int | action=commit
2025-04-06 07:16:00 | WARN | repo=system-int | action=commit
2025-01-10 14:24:00 | DEBUG | repo=system-int | action=commit
2025-03-14 20:38:00 | DEBUG | repo=system-int | action=commit
2025-06-19 19:08:00 | WARN | repo=system-int | action=commit
2025-09-20 08:07:00 | WARN | repo=system-int | action=commit
2025-07-04 15:45:00 | INFO | repo=system-int | action=edit | files=1
2025-04-16 20:24:00 | WARN | repo=system-int | action=commit
2025-11-25 08:53:00 | WARN | repo=system-int | action=commit
2025-09-20 19:38:00 | DEBUG | repo=system-int | action=commit
2025-11-03 15:19:00 | DEBUG | repo=system-int | action=commit
2025-01-24 17:59:00 | INFO | repo=system-int | action=commit
2025-12-05 20:01:00 | INFO | repo=system-int | action=commit
2025-06-18 18:18:00 | INFO | repo=system-int | action=pull
2025-03-22 18:43:00 | WARN | repo=system-int | action=pull
2025-04-04 07:50:00 | INFO | repo=system-int | action=commit
2025-07-19 08:38:00 | WARN | repo=system-int | action=edit | files=5
2025-06-23 14:16:00 | WARN | repo=system-int | action=commit
2025-01-10 11:18:00 | WARN | repo=system-int | action=pull
2025-06-25 07:51:00 | WARN | repo=system-int | action=edit | files=2
2025-02-17 10:57:00 | WARN | repo=system-int | action=commit
2025-12-28 21:00:00 | INFO | repo=system-int | action=pull
2025-06-21 07:46:00 | INFO | repo=system-int | action=commit
2025-02-03 07:42:00 | INFO | repo=system-int | action=commit
2025-09-16 20:01:00 | DEBUG | repo=system-int | action=test | passed=true
2025-04-25 19:25:00 | WARN | repo=system-int | action=commit
